<?xml version="1.0" encoding="utf-8"?><testsuites name="pytest tests"><testsuite name="pytest" errors="0" failures="0" skipped="0" tests="32" time="4.666" timestamp="2026-06-21T11:52:16.470864+00:00" hostname="agent-env-a8b4c01a-5aa7-4af8-8ba6-8bdb1ca85c1e"><testcase classname="backend.tests.test_nepal_trip_api.TestRoot" name="test_root_returns_welcome" time="0.204" /><testcase classname="backend.tests.test_nepal_trip_api.TestRoot" name="test_health_ok" time="0.042" /><testcase classname="backend.tests.test_nepal_trip_api.TestAuth" name="test_login_success" time="0.268" /><testcase classname="backend.tests.test_nepal_trip_api.TestAuth" name="test_login_wrong_password" time="0.306" /><testcase classname="backend.tests.test_nepal_trip_api.TestAuth" name="test_login_unknown_email" time="0.039" /><testcase classname="backend.tests.test_nepal_trip_api.TestAuth" name="test_login_email_case_insensitive" time="0.305" /><testcase classname="backend.tests.test_nepal_trip_api.TestAuth" name="test_me_without_token_returns_401" time="0.098" /><testcase classname="backend.tests.test_nepal_trip_api.TestAuth" name="test_me_with_token_returns_user" time="0.364" /><testcase classname="backend.tests.test_nepal_trip_api.TestAuth" name="test_me_with_invalid_token_returns_401" time="0.088" /><testcase classname="backend.tests.test_nepal_trip_api.TestLeadsPost" name="test_create_lead_service_public" time="0.045" /><testcase classname="backend.tests.test_nepal_trip_api.TestLeadsPost" name="test_create_lead_package_public" time="0.040" /><testcase classname="backend.tests.test_nepal_trip_api.TestLeadsPost" name="test_create_lead_general_default" time="0.066" /><testcase classname="backend.tests.test_nepal_trip_api.TestLeadsPost" name="test_create_lead_missing_required_returns_422" time="0.081" /><testcase classname="backend.tests.test_nepal_trip_api.TestAdminLeadsList" name="test_list_without_auth_returns_401" time="0.131" /><testcase classname="backend.tests.test_nepal_trip_api.TestAdminLeadsList" name="test_list_with_invalid_token_returns_401" time="0.094" /><testcase classname="backend.tests.test_nepal_trip_api.TestAdminLeadsList" name="test_list_with_auth_returns_list" time="0.134" /><testcase classname="backend.tests.test_nepal_trip_api.TestAdminLeadsList" name="test_list_category_filter_service" time="0.130" /><testcase classname="backend.tests.test_nepal_trip_api.TestAdminLeadsList" name="test_list_category_filter_package" time="0.105" /><testcase classname="backend.tests.test_nepal_trip_api.TestAdminLeadsList" name="test_list_status_filter_new" time="0.094" /><testcase classname="backend.tests.test_nepal_trip_api.TestAdminLeadsList" name="test_list_search_filter" time="0.154" /><testcase classname="backend.tests.test_nepal_trip_api.TestAdminLeadsStats" name="test_stats_no_auth_401" time="0.102" /><testcase classname="backend.tests.test_nepal_trip_api.TestAdminLeadsStats" name="test_stats_with_auth" time="0.096" /><testcase classname="backend.tests.test_nepal_trip_api.TestAdminLeadsMutations" name="test_patch_requires_auth" time="0.135" /><testcase classname="backend.tests.test_nepal_trip_api.TestAdminLeadsMutations" name="test_patch_status_and_notes" time="0.289" /><testcase classname="backend.tests.test_nepal_trip_api.TestAdminLeadsMutations" name="test_patch_unknown_id_returns_404" time="0.112" /><testcase classname="backend.tests.test_nepal_trip_api.TestAdminLeadsMutations" name="test_delete_requires_auth" time="0.143" /><testcase classname="backend.tests.test_nepal_trip_api.TestAdminLeadsMutations" name="test_delete_removes_lead" time="0.252" /><testcase classname="backend.tests.test_nepal_trip_api.TestAdminLeadsMutations" name="test_delete_unknown_id_404" time="0.096" /><testcase classname="backend.tests.test_nepal_trip_api.TestOldEndpointRemoved" name="test_get_old_leads_not_available" time="0.091" /><testcase classname="backend.tests.test_nepal_trip_api.TestEndToEnd" name="test_public_submission_appears_in_admin_service_tab" time="0.140" /><testcase classname="backend.tests.test_nepal_trip_api.TestStaticSEO" name="test_robots_txt_reachable" time="0.120" /><testcase classname="backend.tests.test_nepal_trip_api.TestStaticSEO" name="test_sitemap_xml_reachable" time="0.106" /></testsuite></testsuites>