<?xml version="1.0" encoding="utf-8"?><testsuites name="pytest tests"><testsuite name="pytest" errors="0" failures="0" skipped="0" tests="14" time="5.861" timestamp="2026-06-21T12:44:21.514127+00:00" hostname="agent-env-a8b4c01a-5aa7-4af8-8ba6-8bdb1ca85c1e"><testcase classname="backend.tests.test_admin_users.TestListAdminUsers" name="test_list_without_auth_401" time="0.212" /><testcase classname="backend.tests.test_admin_users.TestListAdminUsers" name="test_list_with_invalid_token_401" time="0.128" /><testcase classname="backend.tests.test_admin_users.TestListAdminUsers" name="test_list_with_auth_includes_primary_admin" time="0.453" /><testcase classname="backend.tests.test_admin_users.TestCreateAdminUser" name="test_create_without_auth_401" time="0.093" /><testcase classname="backend.tests.test_admin_users.TestCreateAdminUser" name="test_create_short_password_400" time="0.102" /><testcase classname="backend.tests.test_admin_users.TestCreateAdminUser" name="test_create_success_returns_user" time="0.416" /><testcase classname="backend.tests.test_admin_users.TestCreateAdminUser" name="test_create_duplicate_email_409" time="0.519" /><testcase classname="backend.tests.test_admin_users.TestNewAdminLogin" name="test_new_admin_can_login_and_use_me" time="0.902" /><testcase classname="backend.tests.test_admin_users.TestResetPassword" name="test_password_update_invalidates_old_and_allows_new" time="1.771" /><testcase classname="backend.tests.test_admin_users.TestResetPassword" name="test_password_update_short_400" time="0.090" /><testcase classname="backend.tests.test_admin_users.TestDeleteAdminUser" name="test_cannot_delete_self_400" time="0.219" /><testcase classname="backend.tests.test_admin_users.TestDeleteAdminUser" name="test_delete_other_admin_then_login_fails" time="0.632" /><testcase classname="backend.tests.test_admin_users.TestDeleteAdminUser" name="test_delete_requires_auth" time="0.098" /><testcase classname="backend.tests.test_admin_users.TestDeleteAdminUser" name="test_delete_last_admin_returns_400" time="0.098" /></testsuite></testsuites>