<?xml version="1.0" encoding="utf-8"?><testsuites name="pytest tests"><testsuite name="pytest" errors="0" failures="0" skipped="0" tests="9" time="1.101" timestamp="2026-06-20T20:00:25.802755+00:00" hostname="agent-env-a8b4c01a-5aa7-4af8-8ba6-8bdb1ca85c1e"><testcase classname="backend.tests.test_nepal_trip_api.TestRoot" name="test_root_returns_welcome" time="0.468" /><testcase classname="backend.tests.test_nepal_trip_api.TestRoot" name="test_health_ok" time="0.044" /><testcase classname="backend.tests.test_nepal_trip_api.TestLeads" name="test_create_lead_service" time="0.090" /><testcase classname="backend.tests.test_nepal_trip_api.TestLeads" name="test_create_lead_package" time="0.127" /><testcase classname="backend.tests.test_nepal_trip_api.TestLeads" name="test_create_lead_general_default" time="0.041" /><testcase classname="backend.tests.test_nepal_trip_api.TestLeads" name="test_create_lead_explicit_general" time="0.044" /><testcase classname="backend.tests.test_nepal_trip_api.TestLeads" name="test_list_leads_returns_list" time="0.082" /><testcase classname="backend.tests.test_nepal_trip_api.TestLeads" name="test_list_leads_category_filter" time="0.043" /><testcase classname="backend.tests.test_nepal_trip_api.TestLeads" name="test_create_lead_missing_required_returns_422" time="0.043" /></testsuite></testsuites>